AutoDock-GPU version: v1.6-release

Running 1 docking calculation

Cuda device:                              NVIDIA A100-PCIE-40GB (#1 / 2)
Available memory on device:               40007 MB (total: 40444 MB)

CUDA Setup time 0.282626s
(Thread 101 is setting up Job #1)

Running Job #1
    Using heuristics: (capped) number of evaluations set to 8108109
    Warning: The set number of evals is 32.43% of the uncapped heuristics estimate of 25000000 evals.
             This means this docking may not be able to converge. Increasing --heurmax may improve
             convergence but will also increase runtime.
             AutoStop will not stop before 23.96% (1942585) of the set number of evaluations.
    Local-search chosen method is: ADADELTA (ad)

Rest of Setup time 0.004834s

Executing docking runs, stopping automatically after either reaching 0.15 kcal/mol standard deviation of
the best molecules of the last 4 * 5 generations, 42000 generations, or 8108109 evaluations:

Generations |  Evaluations |     Threshold    |  Average energy of best 10%  | Samples | Best Inter + Intra
------------+--------------+------------------+------------------------------+---------+-------------------
          0 |          150 |34276.86 kcal/mol | 4971.81 +/- 7814.68 kcal/mol |       4 |  309.07 kcal/mol
          5 |        51783 |34276.86 kcal/mol |  378.53 +/- 1578.60 kcal/mol |      92 |   -7.63 kcal/mol
         10 |       102186 |  635.92 kcal/mol |   -3.19 +/-    2.28 kcal/mol |      43 |   -7.63 kcal/mol
         15 |       151456 |   -2.40 kcal/mol |   -7.55 +/-    0.16 kcal/mol |       6 |   -7.64 kcal/mol
         20 |       205547 |   -7.16 kcal/mol |   -7.61 +/-    0.05 kcal/mol |      22 |   -7.64 kcal/mol
         25 |       250337 |   -7.51 kcal/mol |   -7.63 +/-    0.01 kcal/mol |       7 |   -7.64 kcal/mol
         30 |       287422 |   -7.30 kcal/mol |   -7.63 +/-    0.00 kcal/mol |       3 |   -7.64 kcal/mol
         35 |       322927 |   -6.88 kcal/mol |   -7.63 +/-    0.01 kcal/mol |       4 |   -7.64 kcal/mol
         40 |       357624 |   -7.06 kcal/mol |   -7.62 +/-    0.02 kcal/mol |       3 |   -7.64 kcal/mol
         45 |       393209 |   -6.87 kcal/mol |   -7.32 +/-    0.27 kcal/mol |       4 |   -7.64 kcal/mol
         50 |       426948 |   -6.32 kcal/mol |   -7.25 +/-    0.28 kcal/mol |       4 |   -7.64 kcal/mol
         55 |       459747 |   -6.20 kcal/mol |   -7.59 +/-    0.05 kcal/mol |       5 |   -7.64 kcal/mol
         60 |       491676 |   -7.14 kcal/mol |   -7.64 +/-    0.00 kcal/mol |       1 |   -7.64 kcal/mol
         65 |       520773 |   -5.39 kcal/mol |   -7.11 +/-    0.84 kcal/mol |       4 |   -7.64 kcal/mol
         70 |       553065 |   -3.94 kcal/mol |   -7.13 +/-    0.70 kcal/mol |      12 |   -7.64 kcal/mol
         75 |       584671 |   -6.26 kcal/mol |   -7.42 +/-    0.27 kcal/mol |       4 |   -7.64 kcal/mol
         80 |       614139 |   -6.40 kcal/mol |   -7.40 +/-    0.27 kcal/mol |       8 |   -7.64 kcal/mol
         85 |       643504 |   -6.90 kcal/mol |   -7.53 +/-    0.08 kcal/mol |       9 |   -7.64 kcal/mol
         90 |       671214 |   -7.40 kcal/mol |   -7.57 +/-    0.09 kcal/mol |       3 |   -7.64 kcal/mol
         95 |       699684 |   -7.12 kcal/mol |   -7.44 +/-    0.19 kcal/mol |       6 |   -7.64 kcal/mol
        100 |       730967 |   -6.97 kcal/mol |   -7.61 +/-    0.02 kcal/mol |       8 |   -7.64 kcal/mol
        105 |       759879 |   -7.33 kcal/mol |   -7.53 +/-    0.13 kcal/mol |       3 |   -7.64 kcal/mol
        110 |       789805 |   -6.88 kcal/mol |   -7.44 +/-    0.24 kcal/mol |       4 |   -7.64 kcal/mol
        115 |       818840 |   -6.52 kcal/mol |   -7.63 +/-    0.01 kcal/mol |       8 |   -7.64 kcal/mol
        120 |       848195 |   -7.35 kcal/mol |   -7.61 +/-    0.04 kcal/mol |       7 |   -7.64 kcal/mol
        125 |       876124 |   -7.29 kcal/mol |   -7.50 +/-    0.14 kcal/mol |       2 |   -7.64 kcal/mol
        130 |       906866 |   -6.48 kcal/mol |   -7.51 +/-    0.20 kcal/mol |      10 |   -7.64 kcal/mol
        135 |       941206 |   -7.21 kcal/mol |   -7.57 +/-    0.06 kcal/mol |       5 |   -7.64 kcal/mol
        140 |       971111 |   -7.12 kcal/mol |   -7.64 +/-    0.00 kcal/mol |       2 |   -7.64 kcal/mol
        145 |      1000108 |   -6.51 kcal/mol |   -7.59 +/-    0.07 kcal/mol |       5 |   -7.64 kcal/mol
        150 |      1030464 |   -7.14 kcal/mol |   -7.62 +/-    0.01 kcal/mol |       5 |   -7.64 kcal/mol
        155 |      1061275 |   -7.17 kcal/mol |   -7.58 +/-    0.07 kcal/mol |       4 |   -7.64 kcal/mol
        160 |      1095770 |   -7.02 kcal/mol |   -7.61 +/-    0.03 kcal/mol |       6 |   -7.64 kcal/mol
        165 |      1128906 |   -7.24 kcal/mol |   -7.60 +/-    0.05 kcal/mol |      12 |   -7.64 kcal/mol
        170 |      1159539 |   -7.41 kcal/mol |   -7.59 +/-    0.04 kcal/mol |       9 |   -7.64 kcal/mol
        175 |      1188981 |   -7.34 kcal/mol |   -7.62 +/-    0.01 kcal/mol |       5 |   -7.64 kcal/mol
        180 |      1218618 |   -7.17 kcal/mol |   -7.62 +/-    0.01 kcal/mol |       5 |   -7.64 kcal/mol
        185 |      1249910 |   -7.17 kcal/mol |   -7.63 +/-    0.02 kcal/mol |       6 |   -7.64 kcal/mol
        190 |      1280060 |   -7.25 kcal/mol |   -7.64 +/-    0.00 kcal/mol |       1 |   -7.64 kcal/mol
        195 |      1306184 |   -5.39 kcal/mol |   -6.82 +/-    0.71 kcal/mol |       7 |   -7.64 kcal/mol
        200 |      1333464 |   -5.30 kcal/mol |   -7.58 +/-    0.06 kcal/mol |       4 |   -7.64 kcal/mol
        205 |      1361791 |   -7.02 kcal/mol |   -7.63 +/-    0.01 kcal/mol |       5 |   -7.64 kcal/mol
        210 |      1389927 |   -7.18 kcal/mol |   -7.64 +/-    0.00 kcal/mol |       1 |   -7.64 kcal/mol
        215 |      1416756 |   -5.39 kcal/mol |   -7.05 +/-    0.72 kcal/mol |       7 |   -7.64 kcal/mol
        220 |      1445333 |   -5.52 kcal/mol |   -7.38 +/-    0.27 kcal/mol |       2 |   -7.64 kcal/mol
        225 |      1473918 |   -5.37 kcal/mol |   -6.58 +/-    0.86 kcal/mol |       3 |   -7.64 kcal/mol
        230 |      1501748 |   -2.30 kcal/mol |   -6.06 +/-    0.93 kcal/mol |      10 |   -7.64 kcal/mol
        235 |      1530486 |   -4.67 kcal/mol |   -7.38 +/-    0.35 kcal/mol |       8 |   -7.64 kcal/mol
        240 |      1559158 |   -6.73 kcal/mol |   -7.63 +/-    0.01 kcal/mol |       3 |   -7.64 kcal/mol
        245 |      1587784 |   -6.88 kcal/mol |   -7.27 +/-    0.26 kcal/mol |       3 |   -7.64 kcal/mol
        250 |      1617035 |   -5.97 kcal/mol |   -7.31 +/-    0.35 kcal/mol |      13 |   -7.64 kcal/mol
        255 |      1645660 |   -6.91 kcal/mol |   -7.64 +/-    0.01 kcal/mol |       4 |   -7.64 kcal/mol
        260 |      1674409 |   -7.07 kcal/mol |   -7.60 +/-    0.04 kcal/mol |       3 |   -7.64 kcal/mol
        265 |      1702563 |   -6.85 kcal/mol |   -7.59 +/-    0.07 kcal/mol |       5 |   -7.64 kcal/mol
        270 |      1731589 |   -7.14 kcal/mol |   -7.58 +/-    0.07 kcal/mol |      10 |   -7.64 kcal/mol
        275 |      1759440 |   -7.36 kcal/mol |   -7.61 +/-    0.03 kcal/mol |       3 |   -7.64 kcal/mol
        280 |      1787353 |   -6.86 kcal/mol |   -7.49 +/-    0.17 kcal/mol |       6 |   -7.64 kcal/mol
        285 |      1814841 |   -7.06 kcal/mol |   -7.63 +/-    0.01 kcal/mol |       4 |   -7.64 kcal/mol
        290 |      1844214 |   -7.07 kcal/mol |   -7.40 +/-    0.22 kcal/mol |       3 |   -7.64 kcal/mol
        295 |      1873912 |   -6.31 kcal/mol |   -7.56 +/-    0.15 kcal/mol |       7 |   -7.64 kcal/mol
        300 |      1906138 |   -7.24 kcal/mol |   -7.54 +/-    0.14 kcal/mol |       3 |   -7.64 kcal/mol
        305 |      1938619 |   -6.84 kcal/mol |   -7.47 +/-    0.16 kcal/mol |       8 |   -7.64 kcal/mol
        310 |      1975188 |   -7.17 kcal/mol |   -7.44 +/-    0.15 kcal/mol |      12 |   -7.64 kcal/mol
------------+--------------+------------------+------------------------------+---------+-------------------

                                   Finished evaluation after reaching
                                   -7.49 +/-    0.16 kcal/mol combined.
                             30 samples, best inter + intra    -7.64 kcal/mol.


Shutdown time 0.000734s

Job #1 took 0.710 sec after waiting 0.336 sec for setup

(Thread 101 is processing Job #1)
Run time of entire job set (1 file): 1.150 sec
Processing time: 0.096 sec

All jobs (1) ran without errors.
