AutoDock-GPU version: v1.6-release

Running 1 docking calculation

Cuda device:                              NVIDIA A100-PCIE-40GB (#1 / 2)
Available memory on device:               40007 MB (total: 40444 MB)

CUDA Setup time 0.286226s
(Thread 75 is setting up Job #1)

Running Job #1
    Using heuristics: (capped) number of evaluations set to 8108109
    Warning: The set number of evals is 32.43% of the uncapped heuristics estimate of 25000000 evals.
             This means this docking may not be able to converge. Increasing --heurmax may improve
             convergence but will also increase runtime.
             AutoStop will not stop before 23.96% (1942585) of the set number of evaluations.
    Local-search chosen method is: ADADELTA (ad)

Rest of Setup time 0.005012s

Executing docking runs, stopping automatically after either reaching 0.15 kcal/mol standard deviation of
the best molecules of the last 4 * 5 generations, 42000 generations, or 8108109 evaluations:

Generations |  Evaluations |     Threshold    |  Average energy of best 10%  | Samples | Best Inter + Intra
------------+--------------+------------------+------------------------------+---------+-------------------
          0 |          150 |156864.50 kcal/mol |26175.23 +/-34850.47 kcal/mol |       4 |  582.19 kcal/mol
          5 |        43426 |156864.50 kcal/mol | 2336.37 +/- 8560.88 kcal/mol |     103 |   -7.34 kcal/mol
         10 |        87577 | 3583.10 kcal/mol |    4.82 +/-    9.21 kcal/mol |      51 |   -7.70 kcal/mol
         15 |       129506 |    7.53 kcal/mol |   -7.50 +/-    0.30 kcal/mol |       4 |   -7.74 kcal/mol
         20 |       172906 |   -6.37 kcal/mol |   -7.69 +/-    0.05 kcal/mol |       4 |   -7.74 kcal/mol
         25 |       211792 |   -7.12 kcal/mol |   -7.64 +/-    0.13 kcal/mol |       3 |   -7.74 kcal/mol
         30 |       247255 |   -7.00 kcal/mol |   -7.72 +/-    0.02 kcal/mol |       5 |   -7.74 kcal/mol
         35 |       279462 |   -7.27 kcal/mol |   -7.65 +/-    0.11 kcal/mol |       4 |   -7.75 kcal/mol
         40 |       310831 |   -7.24 kcal/mol |   -7.75 +/-    0.00 kcal/mol |       2 |   -7.75 kcal/mol
         45 |       339530 |   -6.62 kcal/mol |   -7.75 +/-    0.00 kcal/mol |       1 |   -7.75 kcal/mol
         50 |       367689 |   -5.50 kcal/mol |   -6.52 +/-    0.66 kcal/mol |       5 |   -7.75 kcal/mol
         55 |       395537 |   -4.53 kcal/mol |   -7.00 +/-    0.80 kcal/mol |       4 |   -7.75 kcal/mol
         60 |       422794 |   -3.99 kcal/mol |   -6.76 +/-    1.40 kcal/mol |       3 |   -7.75 kcal/mol
         65 |       451120 |    0.24 kcal/mol |   -5.63 +/-    1.62 kcal/mol |       9 |   -7.75 kcal/mol
         70 |       477840 |   -2.92 kcal/mol |   -7.68 +/-    0.04 kcal/mol |       4 |   -7.75 kcal/mol
         75 |       504861 |   -7.11 kcal/mol |   -7.63 +/-    0.19 kcal/mol |       2 |   -7.83 kcal/mol
         80 |       530756 |   -6.18 kcal/mol |   -7.37 +/-    0.33 kcal/mol |       5 |   -7.83 kcal/mol
         85 |       554952 |   -6.37 kcal/mol |   -7.57 +/-    0.26 kcal/mol |       2 |   -7.83 kcal/mol
         90 |       579566 |   -5.60 kcal/mol |   -7.61 +/-    0.19 kcal/mol |       4 |   -7.83 kcal/mol
         95 |       604393 |   -6.91 kcal/mol |   -7.57 +/-    0.18 kcal/mol |       5 |   -7.83 kcal/mol
        100 |       628705 |   -7.04 kcal/mol |   -7.83 +/-    0.00 kcal/mol |       1 |   -7.83 kcal/mol
        105 |       653320 |   -5.58 kcal/mol |   -7.69 +/-    0.18 kcal/mol |       4 |   -7.83 kcal/mol
        110 |       677968 |   -7.00 kcal/mol |   -7.62 +/-    0.19 kcal/mol |       4 |   -7.83 kcal/mol
        115 |       702671 |   -6.90 kcal/mol |   -7.60 +/-    0.32 kcal/mol |       3 |   -7.83 kcal/mol
        120 |       728785 |   -5.99 kcal/mol |   -7.37 +/-    0.34 kcal/mol |      12 |   -7.90 kcal/mol
        125 |       754087 |   -6.95 kcal/mol |   -7.59 +/-    0.24 kcal/mol |       4 |   -7.90 kcal/mol
        130 |       780605 |   -6.67 kcal/mol |   -7.68 +/-    0.20 kcal/mol |       7 |   -7.90 kcal/mol
        135 |       806360 |   -7.25 kcal/mol |   -7.60 +/-    0.22 kcal/mol |       4 |   -7.90 kcal/mol
        140 |       833285 |   -6.77 kcal/mol |   -7.68 +/-    0.35 kcal/mol |       7 |   -8.17 kcal/mol
        145 |       860206 |   -6.93 kcal/mol |   -7.85 +/-    0.29 kcal/mol |       3 |   -8.17 kcal/mol
        150 |       885964 |   -6.43 kcal/mol |   -7.94 +/-    0.31 kcal/mol |       4 |   -8.29 kcal/mol
        155 |       910716 |   -6.77 kcal/mol |   -7.76 +/-    0.53 kcal/mol |       2 |   -8.29 kcal/mol
        160 |       935244 |   -3.81 kcal/mol |   -7.60 +/-    0.69 kcal/mol |       2 |   -8.29 kcal/mol
        165 |       959318 |   -2.41 kcal/mol |   -7.98 +/-    0.33 kcal/mol |       6 |   -8.29 kcal/mol
        170 |       984735 |   -7.15 kcal/mol |   -7.87 +/-    0.49 kcal/mol |       4 |   -8.37 kcal/mol
        175 |      1010975 |   -6.05 kcal/mol |   -7.89 +/-    0.51 kcal/mol |       4 |   -8.37 kcal/mol
        180 |      1036913 |   -5.98 kcal/mol |   -7.42 +/-    0.43 kcal/mol |       7 |   -8.37 kcal/mol
        185 |      1064461 |   -6.49 kcal/mol |   -8.37 +/-    0.00 kcal/mol |       1 |   -8.37 kcal/mol
        190 |      1091734 |   -6.12 kcal/mol |   -8.10 +/-    0.26 kcal/mol |       2 |   -8.37 kcal/mol
        195 |      1119273 |   -6.12 kcal/mol |   -7.47 +/-    0.68 kcal/mol |       3 |   -8.37 kcal/mol
        200 |      1146306 |   -4.05 kcal/mol |   -7.25 +/-    0.62 kcal/mol |       6 |   -8.37 kcal/mol
        205 |      1175589 |   -5.69 kcal/mol |   -7.59 +/-    0.48 kcal/mol |       8 |   -8.37 kcal/mol
        210 |      1203932 |   -6.69 kcal/mol |   -7.65 +/-    0.51 kcal/mol |       3 |   -8.37 kcal/mol
        215 |      1232477 |   -5.12 kcal/mol |   -7.41 +/-    0.49 kcal/mol |       5 |   -8.37 kcal/mol
        220 |      1257214 |   -5.94 kcal/mol |   -8.02 +/-    0.45 kcal/mol |       3 |   -8.37 kcal/mol
        225 |      1283146 |   -5.75 kcal/mol |   -7.56 +/-    0.53 kcal/mol |       5 |   -8.37 kcal/mol
        230 |      1308506 |   -5.98 kcal/mol |   -8.37 +/-    0.00 kcal/mol |       2 |   -8.37 kcal/mol
        235 |      1334362 |   -7.24 kcal/mol |   -8.37 +/-    0.00 kcal/mol |       1 |   -8.37 kcal/mol
        240 |      1360215 |   -6.12 kcal/mol |   -7.33 +/-    0.63 kcal/mol |       8 |   -8.37 kcal/mol
        245 |      1387049 |   -6.16 kcal/mol |   -7.74 +/-    0.45 kcal/mol |       4 |   -8.37 kcal/mol
        250 |      1413423 |   -6.06 kcal/mol |   -7.83 +/-    0.54 kcal/mol |       4 |   -8.37 kcal/mol
        255 |      1438344 |   -5.78 kcal/mol |   -8.04 +/-    0.37 kcal/mol |       3 |   -8.37 kcal/mol
        260 |      1462830 |   -6.19 kcal/mol |   -7.44 +/-    0.60 kcal/mol |       4 |   -8.37 kcal/mol
        265 |      1487291 |   -5.19 kcal/mol |   -8.37 +/-    0.00 kcal/mol |       1 |   -8.37 kcal/mol
        270 |      1511220 |   -6.12 kcal/mol |   -7.83 +/-    0.54 kcal/mol |       2 |   -8.37 kcal/mol
        275 |      1535396 |   -3.79 kcal/mol |   -7.15 +/-    0.71 kcal/mol |       4 |   -8.37 kcal/mol
        280 |      1560440 |   -4.47 kcal/mol |   -8.15 +/-    0.26 kcal/mol |       3 |   -8.37 kcal/mol
        285 |      1584169 |   -6.86 kcal/mol |   -8.37 +/-    0.00 kcal/mol |       1 |   -8.37 kcal/mol
        290 |      1607991 |   -6.12 kcal/mol |   -7.98 +/-    0.56 kcal/mol |       3 |   -8.37 kcal/mol
        295 |      1632086 |   -5.20 kcal/mol |   -7.45 +/-    0.56 kcal/mol |       6 |   -8.37 kcal/mol
        300 |      1656907 |   -6.05 kcal/mol |   -7.81 +/-    0.56 kcal/mol |       4 |   -8.37 kcal/mol
        305 |      1681475 |   -5.71 kcal/mol |   -7.85 +/-    0.52 kcal/mol |       2 |   -8.37 kcal/mol
        310 |      1706643 |   -3.93 kcal/mol |   -7.98 +/-    0.32 kcal/mol |       5 |   -8.37 kcal/mol
        315 |      1730957 |   -7.01 kcal/mol |   -8.02 +/-    0.35 kcal/mol |       4 |   -8.37 kcal/mol
        320 |      1756085 |   -6.70 kcal/mol |   -8.08 +/-    0.25 kcal/mol |       7 |   -8.37 kcal/mol
        325 |      1781441 |   -7.55 kcal/mol |   -7.99 +/-    0.38 kcal/mol |       2 |   -8.37 kcal/mol
        330 |      1805934 |   -5.18 kcal/mol |   -7.46 +/-    0.75 kcal/mol |       8 |   -8.37 kcal/mol
        335 |      1830588 |   -6.06 kcal/mol |   -7.18 +/-    0.87 kcal/mol |       3 |   -8.37 kcal/mol
        340 |      1855849 |   -2.83 kcal/mol |   -7.53 +/-    0.53 kcal/mol |       7 |   -8.37 kcal/mol
        345 |      1881971 |   -6.39 kcal/mol |   -7.83 +/-    0.50 kcal/mol |       4 |   -8.37 kcal/mol
        350 |      1907949 |   -5.97 kcal/mol |   -7.30 +/-    0.71 kcal/mol |       4 |   -8.37 kcal/mol
        355 |      1933550 |   -4.66 kcal/mol |   -7.98 +/-    0.55 kcal/mol |       3 |   -8.37 kcal/mol
        360 |      1958884 |   -5.22 kcal/mol |   -7.62 +/-    0.53 kcal/mol |       3 |   -8.37 kcal/mol
------------+--------------+------------------+------------------------------+---------+-------------------

                                   Finished evaluation after reaching
                                   -7.67 +/-    0.64 kcal/mol combined.
                             14 samples, best inter + intra    -8.37 kcal/mol.


Shutdown time 0.000669s

Job #1 took 0.565 sec after waiting 0.340 sec for setup

(Thread 75 is processing Job #1)
Run time of entire job set (1 file): 1.011 sec
Processing time: 0.098 sec

All jobs (1) ran without errors.
