AutoDock-GPU version: v1.6-release

Running 1 docking calculation

Cuda device:                              NVIDIA A100-PCIE-40GB (#1 / 2)
Available memory on device:               40007 MB (total: 40444 MB)

CUDA Setup time 0.278837s
(Thread 83 is setting up Job #1)

Running Job #1
    Using heuristics: (capped) number of evaluations set to 8108109
    Warning: The set number of evals is 32.43% of the uncapped heuristics estimate of 25000000 evals.
             This means this docking may not be able to converge. Increasing --heurmax may improve
             convergence but will also increase runtime.
             AutoStop will not stop before 23.96% (1942585) of the set number of evaluations.
    Local-search chosen method is: ADADELTA (ad)

Rest of Setup time 0.004080s

Executing docking runs, stopping automatically after either reaching 0.15 kcal/mol standard deviation of
the best molecules of the last 4 * 5 generations, 42000 generations, or 8108109 evaluations:

Generations |  Evaluations |     Threshold    |  Average energy of best 10%  | Samples | Best Inter + Intra
------------+--------------+------------------+------------------------------+---------+-------------------
          0 |          150 |36905.75 kcal/mol | 6756.54 +/- 8039.79 kcal/mol |       4 |  369.17 kcal/mol
          5 |        45227 |36905.75 kcal/mol |  288.59 +/-  831.50 kcal/mol |     105 |   -5.58 kcal/mol
         10 |        86837 |  407.38 kcal/mol |   -5.90 +/-    0.27 kcal/mol |       4 |   -6.19 kcal/mol
         15 |       122636 |   -4.88 kcal/mol |   -5.91 +/-    0.28 kcal/mol |       2 |   -6.19 kcal/mol
         20 |       155436 |   -3.82 kcal/mol |   -5.48 +/-    0.68 kcal/mol |       5 |   -6.21 kcal/mol
         25 |       188176 |   -3.44 kcal/mol |   -5.62 +/-    0.58 kcal/mol |       6 |   -6.21 kcal/mol
         30 |       222406 |   -4.16 kcal/mol |   -5.41 +/-    0.80 kcal/mol |       4 |   -6.21 kcal/mol
         35 |       257402 |   -2.41 kcal/mol |   -5.00 +/-    0.66 kcal/mol |      12 |   -6.21 kcal/mol
         40 |       293381 |   -4.17 kcal/mol |   -5.34 +/-    0.60 kcal/mol |       4 |   -6.21 kcal/mol
         45 |       325528 |   -3.09 kcal/mol |   -5.07 +/-    0.92 kcal/mol |       5 |   -6.21 kcal/mol
         50 |       358936 |   -2.30 kcal/mol |   -5.60 +/-    0.66 kcal/mol |       6 |   -6.21 kcal/mol
         55 |       387709 |   -3.94 kcal/mol |   -5.26 +/-    0.95 kcal/mol |       2 |   -6.21 kcal/mol
         60 |       416013 |    1.86 kcal/mol |   -5.03 +/-    0.98 kcal/mol |       5 |   -6.21 kcal/mol
         65 |       444437 |   -2.09 kcal/mol |   -5.08 +/-    0.81 kcal/mol |       6 |   -6.22 kcal/mol
         70 |       474218 |   -3.07 kcal/mol |   -5.72 +/-    0.43 kcal/mol |       8 |   -6.22 kcal/mol
         75 |       503822 |   -4.92 kcal/mol |   -5.58 +/-    0.47 kcal/mol |       3 |   -6.22 kcal/mol
         80 |       533095 |   -3.22 kcal/mol |   -5.45 +/-    0.68 kcal/mol |       8 |   -6.22 kcal/mol
         85 |       562523 |   -4.17 kcal/mol |   -6.22 +/-    0.00 kcal/mol |       1 |   -6.22 kcal/mol
         90 |       591109 |   -3.97 kcal/mol |   -6.07 +/-    0.12 kcal/mol |       5 |   -6.22 kcal/mol
         95 |       618932 |   -5.71 kcal/mol |   -6.19 +/-    0.03 kcal/mol |       2 |   -6.22 kcal/mol
        100 |       644459 |   -5.06 kcal/mol |   -6.12 +/-    0.10 kcal/mol |       2 |   -6.22 kcal/mol
        105 |       670195 |   -5.37 kcal/mol |   -6.19 +/-    0.02 kcal/mol |       3 |   -6.22 kcal/mol
        110 |       695024 |   -5.44 kcal/mol |   -6.22 +/-    0.00 kcal/mol |       1 |   -6.22 kcal/mol
        115 |       721667 |   -3.97 kcal/mol |   -5.62 +/-    0.80 kcal/mol |       3 |   -6.22 kcal/mol
        120 |       746273 |   -1.61 kcal/mol |   -5.09 +/-    0.72 kcal/mol |       4 |   -6.22 kcal/mol
        125 |       771821 |   -2.40 kcal/mol |   -5.18 +/-    1.04 kcal/mol |       4 |   -6.22 kcal/mol
        130 |       798937 |   -1.28 kcal/mol |   -5.49 +/-    0.89 kcal/mol |       5 |   -6.22 kcal/mol
        135 |       827867 |   -2.82 kcal/mol |   -5.24 +/-    0.94 kcal/mol |       4 |   -6.22 kcal/mol
        140 |       855672 |   -1.73 kcal/mol |   -4.94 +/-    1.04 kcal/mol |       6 |   -6.22 kcal/mol
        145 |       882668 |   -2.33 kcal/mol |   -5.35 +/-    0.71 kcal/mol |       3 |   -6.22 kcal/mol
        150 |       908883 |   -1.81 kcal/mol |   -4.84 +/-    1.03 kcal/mol |       7 |   -6.22 kcal/mol
        155 |       933983 |   -2.62 kcal/mol |   -6.12 +/-    0.09 kcal/mol |       2 |   -6.22 kcal/mol
        160 |       958833 |   -5.44 kcal/mol |   -6.10 +/-    0.17 kcal/mol |       3 |   -6.22 kcal/mol
        165 |       984108 |   -5.27 kcal/mol |   -6.22 +/-    0.00 kcal/mol |       1 |   -6.22 kcal/mol
        170 |      1010251 |   -3.97 kcal/mol |   -5.09 +/-    0.77 kcal/mol |       7 |   -6.22 kcal/mol
        175 |      1036975 |   -3.44 kcal/mol |   -5.80 +/-    0.70 kcal/mol |       4 |   -6.22 kcal/mol
        180 |      1062056 |   -3.18 kcal/mol |   -5.39 +/-    0.82 kcal/mol |       4 |   -6.22 kcal/mol
        185 |      1087676 |   -2.32 kcal/mol |   -5.00 +/-    0.75 kcal/mol |       7 |   -6.22 kcal/mol
        190 |      1113800 |   -3.39 kcal/mol |   -5.39 +/-    0.82 kcal/mol |       4 |   -6.22 kcal/mol
        195 |      1138268 |   -2.30 kcal/mol |   -5.34 +/-    0.88 kcal/mol |       2 |   -6.22 kcal/mol
        200 |      1163863 |    1.24 kcal/mol |   -3.42 +/-    2.39 kcal/mol |       5 |   -6.22 kcal/mol
        205 |      1188190 |    3.76 kcal/mol |   -4.46 +/-    0.96 kcal/mol |       5 |   -6.22 kcal/mol
        210 |      1212249 |   -1.58 kcal/mol |   -5.14 +/-    0.83 kcal/mol |       3 |   -6.22 kcal/mol
        215 |      1237021 |   -0.99 kcal/mol |   -4.39 +/-    1.34 kcal/mol |       7 |   -6.22 kcal/mol
        220 |      1263007 |   -1.51 kcal/mol |   -5.12 +/-    0.67 kcal/mol |       4 |   -6.22 kcal/mol
        225 |      1290726 |   -2.62 kcal/mol |   -5.32 +/-    0.63 kcal/mol |       4 |   -6.22 kcal/mol
        230 |      1320886 |   -2.95 kcal/mol |   -5.49 +/-    0.90 kcal/mol |       8 |   -6.22 kcal/mol
        235 |      1349585 |   -3.81 kcal/mol |   -5.39 +/-    0.83 kcal/mol |       2 |   -6.22 kcal/mol
        240 |      1377166 |    0.82 kcal/mol |   -4.37 +/-    0.80 kcal/mol |       8 |   -6.22 kcal/mol
        245 |      1405102 |   -2.88 kcal/mol |   -4.40 +/-    1.29 kcal/mol |       3 |   -6.22 kcal/mol
        250 |      1433974 |    2.03 kcal/mol |   -4.43 +/-    1.50 kcal/mol |      23 |   -6.22 kcal/mol
        255 |      1460714 |   -3.46 kcal/mol |   -5.54 +/-    1.07 kcal/mol |       4 |   -6.22 kcal/mol
        260 |      1487450 |   -1.54 kcal/mol |   -5.98 +/-    0.48 kcal/mol |       6 |   -6.22 kcal/mol
        265 |      1514953 |   -4.79 kcal/mol |   -5.61 +/-    0.55 kcal/mol |       4 |   -6.22 kcal/mol
        270 |      1541410 |   -3.56 kcal/mol |   -5.76 +/-    0.53 kcal/mol |       5 |   -6.22 kcal/mol
        275 |      1567718 |   -4.19 kcal/mol |   -5.68 +/-    0.74 kcal/mol |       3 |   -6.22 kcal/mol
        280 |      1591782 |   -1.96 kcal/mol |   -5.50 +/-    0.85 kcal/mol |       3 |   -6.22 kcal/mol
        285 |      1616428 |   -1.27 kcal/mol |   -5.11 +/-    0.65 kcal/mol |       7 |   -6.22 kcal/mol
        290 |      1641005 |   -3.71 kcal/mol |   -5.15 +/-    0.76 kcal/mol |       3 |   -6.22 kcal/mol
        295 |      1666408 |   -1.37 kcal/mol |   -4.82 +/-    1.00 kcal/mol |       6 |   -6.22 kcal/mol
        300 |      1691868 |   -2.33 kcal/mol |   -5.89 +/-    0.54 kcal/mol |       4 |   -6.22 kcal/mol
        305 |      1718734 |   -3.85 kcal/mol |   -5.98 +/-    0.24 kcal/mol |       4 |   -6.22 kcal/mol
        310 |      1743456 |   -5.09 kcal/mol |   -5.99 +/-    0.29 kcal/mol |       3 |   -6.22 kcal/mol
        315 |      1767771 |   -4.53 kcal/mol |   -5.81 +/-    0.45 kcal/mol |       3 |   -6.22 kcal/mol
        320 |      1792225 |   -3.54 kcal/mol |   -5.57 +/-    0.85 kcal/mol |       4 |   -6.22 kcal/mol
        325 |      1816341 |   -2.40 kcal/mol |   -4.28 +/-    1.25 kcal/mol |       4 |   -6.22 kcal/mol
        330 |      1841665 |    0.43 kcal/mol |   -4.25 +/-    1.66 kcal/mol |       3 |   -6.22 kcal/mol
        335 |      1866361 |    4.06 kcal/mol |   -3.72 +/-    1.79 kcal/mol |       7 |   -6.22 kcal/mol
        340 |      1891946 |    0.11 kcal/mol |   -5.77 +/-    0.84 kcal/mol |       9 |   -6.22 kcal/mol
        345 |      1917787 |   -4.38 kcal/mol |   -6.12 +/-    0.09 kcal/mol |       2 |   -6.22 kcal/mol
        350 |      1942346 |   -5.42 kcal/mol |   -6.17 +/-    0.03 kcal/mol |       3 |   -6.22 kcal/mol
        355 |      1966646 |   -5.42 kcal/mol |   -6.22 +/-    0.00 kcal/mol |       1 |   -6.22 kcal/mol
------------+--------------+------------------+------------------------------+---------+-------------------

                                   Finished evaluation after reaching
                                   -5.93 +/-    0.68 kcal/mol combined.
                             15 samples, best inter + intra    -6.22 kcal/mol.


Shutdown time 0.000470s

Job #1 took 0.425 sec after waiting 0.330 sec for setup

(Thread 83 is processing Job #1)
Run time of entire job set (1 file): 0.869 sec
Processing time: 0.097 sec

All jobs (1) ran without errors.
