AutoDock-GPU version: v1.6-release

Running 1 docking calculation

Cuda device:                              NVIDIA A100-PCIE-40GB (#1 / 2)
Available memory on device:               40007 MB (total: 40444 MB)

CUDA Setup time 0.286000s
(Thread 90 is setting up Job #1)

Running Job #1
    Using heuristics: (capped) number of evaluations set to 8108109
    Warning: The set number of evals is 32.43% of the uncapped heuristics estimate of 25000000 evals.
             This means this docking may not be able to converge. Increasing --heurmax may improve
             convergence but will also increase runtime.
             AutoStop will not stop before 23.96% (1942585) of the set number of evaluations.
    Local-search chosen method is: ADADELTA (ad)

Rest of Setup time 0.004927s

Executing docking runs, stopping automatically after either reaching 0.15 kcal/mol standard deviation of
the best molecules of the last 4 * 5 generations, 42000 generations, or 8108109 evaluations:

Generations |  Evaluations |     Threshold    |  Average energy of best 10%  | Samples | Best Inter + Intra
------------+--------------+------------------+------------------------------+---------+-------------------
          0 |          150 | 3660.15 kcal/mol | 2371.50 +/-  965.54 kcal/mol |       4 |  718.04 kcal/mol
          5 |        42714 | 5992.26 kcal/mol |  323.72 +/-  724.98 kcal/mol |      83 |   -6.70 kcal/mol
         10 |        87119 |  454.74 kcal/mol |   -4.77 +/-    0.94 kcal/mol |      37 |   -7.61 kcal/mol
         15 |       131067 |   -4.39 kcal/mol |   -6.96 +/-    0.83 kcal/mol |       4 |   -7.95 kcal/mol
         20 |       171043 |   -3.87 kcal/mol |   -6.88 +/-    0.84 kcal/mol |      16 |   -7.95 kcal/mol
         25 |       209028 |   -6.10 kcal/mol |   -7.79 +/-    0.20 kcal/mol |       4 |   -7.95 kcal/mol
         30 |       243417 |   -7.03 kcal/mol |   -7.79 +/-    0.23 kcal/mol |       6 |   -7.95 kcal/mol
         35 |       272455 |   -7.22 kcal/mol |   -7.87 +/-    0.13 kcal/mol |       4 |   -7.95 kcal/mol
         40 |       299495 |   -7.38 kcal/mol |   -7.81 +/-    0.19 kcal/mol |       4 |   -7.95 kcal/mol
         45 |       324813 |   -7.10 kcal/mol |   -7.55 +/-    0.25 kcal/mol |       4 |   -7.95 kcal/mol
         50 |       350120 |   -6.63 kcal/mol |   -7.61 +/-    0.22 kcal/mol |       4 |   -7.95 kcal/mol
         55 |       374604 |   -6.78 kcal/mol |   -7.88 +/-    0.09 kcal/mol |       5 |   -7.95 kcal/mol
         60 |       399679 |   -7.59 kcal/mol |   -7.93 +/-    0.02 kcal/mol |       4 |   -7.95 kcal/mol
         65 |       423494 |   -7.37 kcal/mol |   -7.95 +/-    0.00 kcal/mol |       2 |   -7.95 kcal/mol
         70 |       447712 |   -6.83 kcal/mol |   -7.59 +/-    0.52 kcal/mol |       3 |   -7.95 kcal/mol
         75 |       472364 |   -5.01 kcal/mol |   -7.93 +/-    0.02 kcal/mol |       2 |   -7.95 kcal/mol
         80 |       497027 |   -6.81 kcal/mol |   -7.67 +/-    0.28 kcal/mol |       2 |   -7.95 kcal/mol
         85 |       521430 |   -5.53 kcal/mol |   -7.95 +/-    0.00 kcal/mol |       1 |   -7.95 kcal/mol
         90 |       546063 |   -5.70 kcal/mol |   -7.95 +/-    0.00 kcal/mol |       2 |   -7.95 kcal/mol
         95 |       571198 |   -6.83 kcal/mol |   -7.67 +/-    0.28 kcal/mol |       2 |   -7.95 kcal/mol
        100 |       597901 |   -5.59 kcal/mol |   -7.33 +/-    0.49 kcal/mol |       4 |   -7.95 kcal/mol
        105 |       625352 |   -5.49 kcal/mol |   -7.47 +/-    0.30 kcal/mol |       5 |   -7.95 kcal/mol
        110 |       651687 |   -6.55 kcal/mol |   -7.95 +/-    0.00 kcal/mol |       1 |   -7.95 kcal/mol
        115 |       676922 |   -5.70 kcal/mol |   -7.76 +/-    0.21 kcal/mol |       5 |   -7.95 kcal/mol
        120 |       701431 |   -7.13 kcal/mol |   -7.75 +/-    0.29 kcal/mol |       3 |   -7.95 kcal/mol
        125 |       725968 |   -6.30 kcal/mol |   -7.44 +/-    0.51 kcal/mol |       4 |   -7.95 kcal/mol
        130 |       749648 |   -5.55 kcal/mol |   -7.78 +/-    0.24 kcal/mol |       3 |   -7.95 kcal/mol
        135 |       773600 |   -6.58 kcal/mol |   -7.67 +/-    0.26 kcal/mol |       4 |   -7.95 kcal/mol
        140 |       797537 |   -6.69 kcal/mol |   -7.95 +/-    0.00 kcal/mol |       2 |   -7.95 kcal/mol
        145 |       821666 |   -6.83 kcal/mol |   -7.67 +/-    0.29 kcal/mol |       2 |   -7.95 kcal/mol
        150 |       846918 |   -5.50 kcal/mol |   -7.95 +/-    0.00 kcal/mol |       1 |   -7.95 kcal/mol
        155 |       871413 |   -5.70 kcal/mol |   -7.76 +/-    0.28 kcal/mol |       4 |   -7.95 kcal/mol
        160 |       896034 |   -6.71 kcal/mol |   -7.95 +/-    0.00 kcal/mol |       2 |   -7.95 kcal/mol
        165 |       921525 |   -6.83 kcal/mol |   -7.74 +/-    0.25 kcal/mol |       3 |   -7.95 kcal/mol
        170 |       945879 |   -6.51 kcal/mol |   -7.80 +/-    0.25 kcal/mol |       4 |   -7.95 kcal/mol
        175 |       970807 |   -6.86 kcal/mol |   -7.81 +/-    0.20 kcal/mol |       3 |   -7.95 kcal/mol
        180 |       996181 |   -6.84 kcal/mol |   -7.52 +/-    0.36 kcal/mol |       4 |   -7.95 kcal/mol
        185 |      1021473 |   -6.17 kcal/mol |   -7.27 +/-    0.51 kcal/mol |       4 |   -7.95 kcal/mol
        190 |      1047548 |   -5.37 kcal/mol |   -7.45 +/-    0.59 kcal/mol |      13 |   -7.95 kcal/mol
        195 |      1072798 |   -6.77 kcal/mol |   -7.91 +/-    0.04 kcal/mol |       4 |   -7.95 kcal/mol
        200 |      1096669 |   -7.35 kcal/mol |   -7.93 +/-    0.04 kcal/mol |       3 |   -7.95 kcal/mol
        205 |      1120785 |   -7.18 kcal/mol |   -7.89 +/-    0.07 kcal/mol |       4 |   -7.95 kcal/mol
        210 |      1145660 |   -7.32 kcal/mol |   -7.88 +/-    0.11 kcal/mol |      18 |   -7.95 kcal/mol
        215 |      1171137 |   -7.79 kcal/mol |   -7.92 +/-    0.03 kcal/mol |       9 |   -7.95 kcal/mol
        220 |      1195282 |   -7.67 kcal/mol |   -7.95 +/-    0.00 kcal/mol |       1 |   -7.95 kcal/mol
        225 |      1219827 |   -5.70 kcal/mol |   -7.90 +/-    0.10 kcal/mol |       5 |   -7.95 kcal/mol
        230 |      1245657 |   -7.59 kcal/mol |   -7.90 +/-    0.08 kcal/mol |       5 |   -7.96 kcal/mol
        235 |      1269667 |   -7.66 kcal/mol |   -7.96 +/-    0.00 kcal/mol |       3 |   -7.96 kcal/mol
        240 |      1294025 |   -7.21 kcal/mol |   -7.86 +/-    0.17 kcal/mol |       5 |   -7.96 kcal/mol
        245 |      1318428 |   -7.34 kcal/mol |   -7.95 +/-    0.00 kcal/mol |       2 |   -7.96 kcal/mol
        250 |      1342203 |   -6.83 kcal/mol |   -7.67 +/-    0.40 kcal/mol |       3 |   -7.96 kcal/mol
        255 |      1367070 |   -5.67 kcal/mol |   -7.75 +/-    0.36 kcal/mol |       4 |   -7.96 kcal/mol
        260 |      1392034 |   -6.39 kcal/mol |   -7.41 +/-    0.56 kcal/mol |       4 |   -7.96 kcal/mol
        265 |      1416975 |   -5.31 kcal/mol |   -7.47 +/-    0.57 kcal/mol |       6 |   -7.96 kcal/mol
        270 |      1441146 |   -6.05 kcal/mol |   -7.79 +/-    0.25 kcal/mol |       9 |   -7.96 kcal/mol
        275 |      1465405 |   -7.38 kcal/mol |   -7.95 +/-    0.01 kcal/mol |       3 |   -7.96 kcal/mol
        280 |      1490129 |   -7.20 kcal/mol |   -7.73 +/-    0.24 kcal/mol |       4 |   -7.96 kcal/mol
        285 |      1514611 |   -6.81 kcal/mol |   -7.84 +/-    0.12 kcal/mol |       2 |   -7.96 kcal/mol
        290 |      1538555 |   -6.97 kcal/mol |   -7.82 +/-    0.10 kcal/mol |       3 |   -7.96 kcal/mol
        295 |      1563029 |   -7.32 kcal/mol |   -7.95 +/-    0.01 kcal/mol |       4 |   -7.96 kcal/mol
        300 |      1587808 |   -7.39 kcal/mol |   -7.94 +/-    0.03 kcal/mol |       4 |   -7.96 kcal/mol
        305 |      1612536 |   -7.38 kcal/mol |   -7.89 +/-    0.06 kcal/mol |       2 |   -7.96 kcal/mol
        310 |      1637527 |   -6.77 kcal/mol |   -7.80 +/-    0.26 kcal/mol |       4 |   -7.96 kcal/mol
        315 |      1664189 |   -6.81 kcal/mol |   -7.78 +/-    0.26 kcal/mol |       4 |   -7.96 kcal/mol
        320 |      1690606 |   -6.79 kcal/mol |   -7.63 +/-    0.30 kcal/mol |       4 |   -7.96 kcal/mol
        325 |      1716125 |   -6.52 kcal/mol |   -7.68 +/-    0.35 kcal/mol |       4 |   -7.96 kcal/mol
        330 |      1742283 |   -6.36 kcal/mol |   -7.95 +/-    0.00 kcal/mol |       4 |   -7.96 kcal/mol
        335 |      1768828 |   -7.39 kcal/mol |   -7.78 +/-    0.25 kcal/mol |       3 |   -7.96 kcal/mol
        340 |      1794509 |   -6.51 kcal/mol |   -7.64 +/-    0.31 kcal/mol |       2 |   -7.96 kcal/mol
        345 |      1819771 |   -5.29 kcal/mol |   -7.49 +/-    0.47 kcal/mol |       4 |   -7.96 kcal/mol
        350 |      1845362 |   -5.74 kcal/mol |   -7.52 +/-    0.38 kcal/mol |       6 |   -7.96 kcal/mol
        355 |      1870761 |   -6.58 kcal/mol |   -7.95 +/-    0.01 kcal/mol |       4 |   -7.96 kcal/mol
        360 |      1895568 |   -7.39 kcal/mol |   -7.96 +/-    0.00 kcal/mol |       1 |   -7.96 kcal/mol
        365 |      1919667 |   -5.71 kcal/mol |   -7.77 +/-    0.31 kcal/mol |       4 |   -7.96 kcal/mol
        370 |      1944825 |   -6.62 kcal/mol |   -7.54 +/-    0.42 kcal/mol |       2 |   -7.96 kcal/mol
------------+--------------+------------------+------------------------------+---------+-------------------

                                   Finished evaluation after reaching
                                   -7.81 +/-    0.30 kcal/mol combined.
                             11 samples, best inter + intra    -7.96 kcal/mol.


Shutdown time 0.000735s

Job #1 took 0.547 sec after waiting 0.337 sec for setup

(Thread 90 is processing Job #1)
Run time of entire job set (1 file): 0.988 sec
Processing time: 0.093 sec

All jobs (1) ran without errors.
