AutoDock-GPU version: v1.6-release

Running 1 docking calculation

Cuda device:                              NVIDIA A100-PCIE-40GB (#1 / 2)
Available memory on device:               40007 MB (total: 40444 MB)

CUDA Setup time 0.285183s
(Thread 81 is setting up Job #1)

Running Job #1
    Using heuristics: (capped) number of evaluations set to 8108109
    Warning: The set number of evals is 32.43% of the uncapped heuristics estimate of 25000000 evals.
             This means this docking may not be able to converge. Increasing --heurmax may improve
             convergence but will also increase runtime.
             AutoStop will not stop before 23.96% (1942585) of the set number of evaluations.
    Local-search chosen method is: ADADELTA (ad)

Rest of Setup time 0.004731s

Executing docking runs, stopping automatically after either reaching 0.15 kcal/mol standard deviation of
the best molecules of the last 4 * 5 generations, 42000 generations, or 8108109 evaluations:

Generations |  Evaluations |     Threshold    |  Average energy of best 10%  | Samples | Best Inter + Intra
------------+--------------+------------------+------------------------------+---------+-------------------
          0 |          150 | 5155.52 kcal/mol | 4871.91 +/-   75.63 kcal/mol |       4 | 4795.64 kcal/mol
          5 |        37294 | 5155.52 kcal/mol |  475.96 +/-  740.27 kcal/mol |      94 |   -1.85 kcal/mol
         10 |        71796 |  594.08 kcal/mol |   -0.18 +/-    1.62 kcal/mol |      11 |   -2.16 kcal/mol
         15 |       105631 |    2.04 kcal/mol |   -1.91 +/-    0.16 kcal/mol |       6 |   -2.16 kcal/mol
         20 |       139392 |   -1.52 kcal/mol |   -3.00 +/-    0.12 kcal/mol |       4 |   -3.13 kcal/mol
         25 |       174163 |   -2.53 kcal/mol |   -3.13 +/-    0.00 kcal/mol |       3 |   -3.13 kcal/mol
         30 |       206028 |   -2.38 kcal/mol |   -3.07 +/-    0.14 kcal/mol |       7 |   -3.21 kcal/mol
         35 |       237072 |   -2.77 kcal/mol |   -3.10 +/-    0.11 kcal/mol |       4 |   -3.21 kcal/mol
         40 |       267830 |   -2.70 kcal/mol |   -3.21 +/-    0.00 kcal/mol |       1 |   -3.21 kcal/mol
         45 |       296787 |   -0.96 kcal/mol |   -3.51 +/-    0.39 kcal/mol |       3 |   -3.78 kcal/mol
         50 |       324386 |   -1.54 kcal/mol |   -3.78 +/-    0.00 kcal/mol |       1 |   -3.78 kcal/mol
         55 |       350592 |   -1.53 kcal/mol |   -3.76 +/-    0.02 kcal/mol |       2 |   -3.78 kcal/mol
         60 |       376618 |   -2.64 kcal/mol |   -3.78 +/-    0.00 kcal/mol |       1 |   -3.78 kcal/mol
         65 |       401386 |   -1.53 kcal/mol |   -3.78 +/-    0.00 kcal/mol |       2 |   -3.78 kcal/mol
         70 |       426401 |   -2.66 kcal/mol |   -3.39 +/-    0.39 kcal/mol |       2 |   -3.78 kcal/mol
         75 |       454821 |   -0.43 kcal/mol |   -2.11 +/-    1.24 kcal/mol |       3 |   -3.78 kcal/mol
         80 |       482694 |    4.07 kcal/mol |   -0.60 +/-    1.35 kcal/mol |       7 |   -3.78 kcal/mol
         85 |       512161 |    2.29 kcal/mol |   -1.92 +/-    1.12 kcal/mol |      10 |   -3.87 kcal/mol
         90 |       539912 |   -0.23 kcal/mol |   -2.07 +/-    1.42 kcal/mol |       3 |   -3.87 kcal/mol
         95 |       567213 |    5.05 kcal/mol |   -1.33 +/-    1.44 kcal/mol |      15 |   -3.87 kcal/mol
        100 |       595889 |    0.11 kcal/mol |   -2.40 +/-    1.22 kcal/mol |       4 |   -3.89 kcal/mol
        105 |       624380 |    2.17 kcal/mol |   -2.73 +/-    0.72 kcal/mol |       8 |   -3.89 kcal/mol
        110 |       654122 |   -1.38 kcal/mol |   -3.33 +/-    0.57 kcal/mol |       4 |   -3.89 kcal/mol
        115 |       684224 |   -1.20 kcal/mol |   -2.38 +/-    0.93 kcal/mol |       4 |   -3.89 kcal/mol
        120 |       714030 |    1.11 kcal/mol |   -2.64 +/-    0.72 kcal/mol |      11 |   -3.89 kcal/mol
        125 |       745730 |   -1.66 kcal/mol |   -3.60 +/-    0.33 kcal/mol |       5 |   -3.97 kcal/mol
        130 |       778128 |   -2.61 kcal/mol |   -3.53 +/-    0.44 kcal/mol |       4 |   -3.97 kcal/mol
        135 |       809733 |   -1.88 kcal/mol |   -3.32 +/-    0.41 kcal/mol |       8 |   -3.97 kcal/mol
        140 |       842819 |   -2.56 kcal/mol |   -3.53 +/-    0.33 kcal/mol |       4 |   -3.97 kcal/mol
        145 |       875772 |   -2.28 kcal/mol |   -3.41 +/-    0.44 kcal/mol |      13 |   -4.09 kcal/mol
        150 |       908573 |   -2.89 kcal/mol |   -4.11 +/-    0.02 kcal/mol |       5 |   -4.16 kcal/mol
        155 |       939900 |   -3.66 kcal/mol |   -4.16 +/-    0.00 kcal/mol |       1 |   -4.16 kcal/mol
        160 |       972191 |   -1.91 kcal/mol |   -2.88 +/-    0.44 kcal/mol |      41 |   -4.16 kcal/mol
        165 |      1003361 |   -2.72 kcal/mol |   -3.64 +/-    0.35 kcal/mol |       4 |   -4.16 kcal/mol
        170 |      1035312 |   -2.31 kcal/mol |   -3.08 +/-    0.24 kcal/mol |      33 |   -4.16 kcal/mol
        175 |      1065269 |   -2.97 kcal/mol |   -3.64 +/-    0.33 kcal/mol |       4 |   -4.16 kcal/mol
        180 |      1094640 |   -2.41 kcal/mol |   -3.37 +/-    0.27 kcal/mol |      16 |   -4.16 kcal/mol
        185 |      1124715 |   -3.12 kcal/mol |   -3.58 +/-    0.24 kcal/mol |       9 |   -4.19 kcal/mol
        190 |      1153929 |   -3.18 kcal/mol |   -3.84 +/-    0.20 kcal/mol |       9 |   -4.19 kcal/mol
        195 |      1183439 |   -3.51 kcal/mol |   -3.89 +/-    0.32 kcal/mol |       2 |   -4.21 kcal/mol
        200 |      1211928 |   -1.46 kcal/mol |   -2.98 +/-    0.43 kcal/mol |      26 |   -4.21 kcal/mol
        205 |      1239833 |   -2.73 kcal/mol |   -3.54 +/-    0.41 kcal/mol |       4 |   -4.21 kcal/mol
        210 |      1266108 |   -2.00 kcal/mol |   -3.39 +/-    0.50 kcal/mol |       4 |   -4.21 kcal/mol
        215 |      1293531 |   -1.51 kcal/mol |   -3.40 +/-    0.42 kcal/mol |       8 |   -4.30 kcal/mol
        220 |      1322463 |   -2.62 kcal/mol |   -3.34 +/-    0.55 kcal/mol |       4 |   -4.30 kcal/mol
        225 |      1353600 |   -1.27 kcal/mol |   -3.08 +/-    0.45 kcal/mol |      17 |   -4.30 kcal/mol
        230 |      1385003 |   -2.68 kcal/mol |   -3.39 +/-    0.53 kcal/mol |       4 |   -4.30 kcal/mol
        235 |      1417429 |   -1.40 kcal/mol |   -3.49 +/-    0.62 kcal/mol |       5 |   -4.30 kcal/mol
        240 |      1446959 |   -1.64 kcal/mol |   -3.55 +/-    0.61 kcal/mol |       5 |   -4.30 kcal/mol
        245 |      1476262 |   -1.71 kcal/mol |   -3.69 +/-    0.62 kcal/mol |       4 |   -4.30 kcal/mol
        250 |      1504275 |   -1.38 kcal/mol |   -3.19 +/-    0.45 kcal/mol |       8 |   -4.30 kcal/mol
        255 |      1532437 |   -2.35 kcal/mol |   -3.17 +/-    0.67 kcal/mol |       4 |   -4.30 kcal/mol
        260 |      1559880 |   -0.67 kcal/mol |   -3.39 +/-    0.59 kcal/mol |       4 |   -4.30 kcal/mol
        265 |      1585604 |   -1.19 kcal/mol |   -4.30 +/-    0.00 kcal/mol |       1 |   -4.30 kcal/mol
        270 |      1611516 |   -2.05 kcal/mol |   -3.40 +/-    0.90 kcal/mol |       2 |   -4.30 kcal/mol
        275 |      1636427 |    3.37 kcal/mol |    0.20 +/-    3.25 kcal/mol |       3 |   -4.30 kcal/mol
        280 |      1661588 |   16.45 kcal/mol |    2.89 +/-    3.98 kcal/mol |       5 |   -4.30 kcal/mol
        285 |      1686025 |   14.82 kcal/mol |   -0.62 +/-    2.63 kcal/mol |       4 |   -4.30 kcal/mol
        290 |      1711637 |    9.24 kcal/mol |    3.71 +/-    4.84 kcal/mol |       4 |   -4.30 kcal/mol
        295 |      1738394 |   21.86 kcal/mol |    5.67 +/-    5.30 kcal/mol |      14 |   -4.30 kcal/mol
        300 |      1764008 |   11.35 kcal/mol |   -0.67 +/-    2.85 kcal/mol |       4 |   -4.30 kcal/mol
        305 |      1788661 |   10.02 kcal/mol |    0.57 +/-    3.98 kcal/mol |       5 |   -4.30 kcal/mol
        310 |      1814078 |   12.52 kcal/mol |   -2.53 +/-    1.80 kcal/mol |       4 |   -4.30 kcal/mol
        315 |      1840030 |    4.21 kcal/mol |   -1.44 +/-    2.86 kcal/mol |       2 |   -4.30 kcal/mol
        320 |      1866695 |   20.02 kcal/mol |    2.09 +/-    5.08 kcal/mol |       7 |   -4.30 kcal/mol
        325 |      1894168 |   12.98 kcal/mol |   -0.38 +/-    1.81 kcal/mol |       6 |   -4.30 kcal/mol
        330 |      1922438 |    4.14 kcal/mol |   -1.80 +/-    1.12 kcal/mol |      13 |   -4.30 kcal/mol
        335 |      1951468 |   -0.50 kcal/mol |   -2.97 +/-    0.85 kcal/mol |       4 |   -4.30 kcal/mol
------------+--------------+------------------+------------------------------+---------+-------------------

                                   Finished evaluation after reaching
                                   -0.76 +/-    3.22 kcal/mol combined.
                             30 samples, best inter + intra    -4.30 kcal/mol.


Shutdown time 0.000682s

Job #1 took 0.462 sec after waiting 0.345 sec for setup

(Thread 81 is processing Job #1)
Run time of entire job set (1 file): 0.905 sec
Processing time: 0.088 sec

All jobs (1) ran without errors.
